<?xml version="1.0" encoding="UTF-8"?>
<!-- Generated by org.testng.reporters.JUnitReportReporter -->
<testsuite hostname="MBP-0230s.local" failures="0" tests="1" name="tests.sort.SortByOptionTest" time="259.493" errors="0" timestamp="2023-02-06T15:21:27 ICT" skipped="0">
  <testcase classname="tests.sort.SortByOptionTest" name="testSortByOption" time="259.493"/>
  <system-out/>
</testsuite> <!-- tests.sort.SortByOptionTest -->
