<?xml version="1.0" encoding="UTF-8"?>
<!-- Generated by org.testng.reporters.JUnitReportReporter -->
<testsuite hostname="MBP-0230s.local" failures="0" tests="6" name="tests.signin.InvalidSigninTest" time="143.392" errors="0" timestamp="2023-02-06T15:21:27 ICT" skipped="0">
  <testcase classname="tests.signin.InvalidSigninTest" name="testInvalidEmail" time="36.991"/>
  <system-out/>
  <testcase classname="tests.signin.InvalidSigninTest" name="testInvalidPassword" time="24.267"/>
  <system-out/>
  <testcase classname="tests.signin.InvalidSigninTest" name="testInvalidEmail" time="16.475"/>
  <system-out/>
  <testcase classname="tests.signin.InvalidSigninTest" name="testInvalidPassword" time="23.918"/>
  <system-out/>
  <testcase classname="tests.signin.InvalidSigninTest" name="testInvalidPassword" time="23.503"/>
  <system-out/>
  <testcase classname="tests.signin.InvalidSigninTest" name="testInvalidEmail" time="18.238"/>
  <system-out/>
</testsuite> <!-- tests.signin.InvalidSigninTest -->
