<?xml version="1.0" encoding="UTF-8"?>
<!-- Generated by org.testng.reporters.JUnitReportReporter -->
<testsuite hostname="MBP-0230s.local" failures="0" tests="1" name="tests.search.SearchTest" time="117.123" errors="0" timestamp="2023-02-06T15:21:27 ICT" skipped="0">
  <testcase classname="tests.search.SearchTest" name="testSearch" time="117.123"/>
  <system-out/>
</testsuite> <!-- tests.search.SearchTest -->
